<?xml version="1.0" encoding="UTF-8"?>
<coverage generated="1668505591803" clover="3.2.0">
  <project timestamp="1668505591803" name="All files">
    <metrics statements="67" coveredstatements="67" conditionals="52" coveredconditionals="50" methods="17" coveredmethods="17" elements="136" coveredelements="134" complexity="0" loc="67" ncloc="67" packages="1" files="4" classes="4"/>
    <file name="bank.js" path="/Users/laurenbrabbin/Projects/tech_tests/Bank_Tech/bank.js">
      <metrics statements="12" coveredstatements="12" conditionals="2" coveredconditionals="2" methods="3" coveredmethods="3"/>
      <line num="3" count="3" type="stmt"/>
      <line num="4" count="3" type="stmt"/>
      <line num="5" count="3" type="stmt"/>
      <line num="8" count="3" type="stmt"/>
      <line num="9" count="6" type="cond" truecount="2" falsecount="0"/>
      <line num="10" count="2" type="stmt"/>
      <line num="11" count="2" type="stmt"/>
      <line num="13" count="4" type="stmt"/>
      <line num="14" count="4" type="stmt"/>
      <line num="19" count="4" type="stmt"/>
      <line num="20" count="4" type="stmt"/>
      <line num="24" count="1" type="stmt"/>
    </file>
    <file name="transaction.js" path="/Users/laurenbrabbin/Projects/tech_tests/Bank_Tech/transaction.js">
      <metrics statements="8" coveredstatements="8" conditionals="0" coveredconditionals="0" methods="3" coveredmethods="3"/>
      <line num="3" count="3" type="stmt"/>
      <line num="4" count="3" type="stmt"/>
      <line num="5" count="3" type="stmt"/>
      <line num="8" count="3" type="stmt"/>
      <line num="9" count="6" type="stmt"/>
      <line num="12" count="3" type="stmt"/>
      <line num="13" count="3" type="stmt"/>
      <line num="21" count="1" type="stmt"/>
    </file>
    <file name="transactionChecker.js" path="/Users/laurenbrabbin/Projects/tech_tests/Bank_Tech/transactionChecker.js">
      <metrics statements="30" coveredstatements="30" conditionals="40" coveredconditionals="40" methods="6" coveredmethods="6"/>
      <line num="3" count="37" type="stmt"/>
      <line num="4" count="37" type="stmt"/>
      <line num="5" count="37" type="stmt"/>
      <line num="9" count="25" type="cond" truecount="6" falsecount="0"/>
      <line num="10" count="10" type="stmt"/>
      <line num="12" count="15" type="stmt"/>
      <line num="17" count="25" type="cond" truecount="8" falsecount="0"/>
      <line num="18" count="3" type="stmt"/>
      <line num="20" count="22" type="stmt"/>
      <line num="25" count="27" type="cond" truecount="5" falsecount="0"/>
      <line num="26" count="7" type="stmt"/>
      <line num="27" count="20" type="cond" truecount="2" falsecount="0"/>
      <line num="28" count="19" type="stmt"/>
      <line num="30" count="1" type="stmt"/>
      <line num="35" count="21" type="cond" truecount="4" falsecount="0"/>
      <line num="36" count="19" type="stmt"/>
      <line num="38" count="2" type="stmt"/>
      <line num="43" count="21" type="cond" truecount="2" falsecount="0"/>
      <line num="44" count="3" type="stmt"/>
      <line num="46" count="18" type="stmt"/>
      <line num="47" count="18" type="stmt"/>
      <line num="48" count="18" type="stmt"/>
      <line num="49" count="18" type="stmt"/>
      <line num="51" count="18" type="cond" truecount="6" falsecount="0"/>
      <line num="52" count="2" type="stmt"/>
      <line num="54" count="16" type="stmt"/>
      <line num="56" count="16" type="cond" truecount="5" falsecount="0"/>
      <line num="57" count="1" type="stmt"/>
      <line num="58" count="1" type="cond" truecount="2" falsecount="0"/>
      <line num="62" count="2" type="stmt"/>
    </file>
    <file name="transactions.js" path="/Users/laurenbrabbin/Projects/tech_tests/Bank_Tech/transactions.js">
      <metrics statements="17" coveredstatements="17" conditionals="10" coveredconditionals="8" methods="5" coveredmethods="5"/>
      <line num="1" count="1" type="stmt"/>
      <line num="5" count="9" type="stmt"/>
      <line num="6" count="9" type="stmt"/>
      <line num="10" count="15" type="stmt"/>
      <line num="11" count="15" type="cond" truecount="2" falsecount="0"/>
      <line num="12" count="14" type="stmt"/>
      <line num="13" count="14" type="stmt"/>
      <line num="15" count="1" type="stmt"/>
      <line num="20" count="3" type="stmt"/>
      <line num="21" count="12" type="stmt"/>
      <line num="22" count="12" type="stmt"/>
      <line num="23" count="12" type="cond" truecount="3" falsecount="1"/>
      <line num="28" count="14" type="cond" truecount="2" falsecount="0"/>
      <line num="29" count="9" type="stmt"/>
      <line num="30" count="5" type="cond" truecount="1" falsecount="1"/>
      <line num="31" count="5" type="stmt"/>
      <line num="36" count="1" type="stmt"/>
    </file>
  </project>
</coverage>
