<?xml version="1.0" encoding="UTF-8"?>
<coverage generated="1668513104893" clover="3.2.0">
  <project timestamp="1668513104893" name="All files">
    <metrics statements="95" coveredstatements="94" conditionals="61" coveredconditionals="58" methods="25" coveredmethods="25" elements="181" coveredelements="177" complexity="0" loc="95" ncloc="95" packages="1" files="5" classes="5"/>
    <file name="bank.js" path="/Users/laurenbrabbin/Projects/tech_tests/Bank_Tech/bank.js">
      <metrics statements="21" coveredstatements="21" conditionals="2" coveredconditionals="2" methods="5" coveredmethods="5"/>
      <line num="3" count="3" type="stmt"/>
      <line num="4" count="3" type="stmt"/>
      <line num="5" count="3" type="stmt"/>
      <line num="8" count="3" type="stmt"/>
      <line num="9" count="6" type="stmt"/>
      <line num="10" count="6" type="stmt"/>
      <line num="11" count="6" type="cond" truecount="2" falsecount="0"/>
      <line num="12" count="2" type="stmt"/>
      <line num="13" count="4" type="stmt"/>
      <line num="16" count="3" type="stmt"/>
      <line num="17" count="2" type="stmt"/>
      <line num="18" count="2" type="stmt"/>
      <line num="19" count="2" type="stmt"/>
      <line num="22" count="3" type="stmt"/>
      <line num="23" count="4" type="stmt"/>
      <line num="24" count="4" type="stmt"/>
      <line num="25" count="4" type="stmt"/>
      <line num="29" count="4" type="stmt"/>
      <line num="30" count="4" type="stmt"/>
      <line num="31" count="4" type="stmt"/>
      <line num="35" count="1" type="stmt"/>
    </file>
    <file name="dateChecker.js" path="/Users/laurenbrabbin/Projects/tech_tests/Bank_Tech/dateChecker.js">
      <metrics statements="25" coveredstatements="25" conditionals="21" coveredconditionals="21" methods="6" coveredmethods="6"/>
      <line num="3" count="26" type="stmt"/>
      <line num="7" count="26" type="stmt"/>
      <line num="8" count="26" type="stmt"/>
      <line num="9" count="26" type="stmt"/>
      <line num="10" count="26" type="stmt"/>
      <line num="11" count="26" type="stmt"/>
      <line num="12" count="26" type="stmt"/>
      <line num="16" count="27" type="cond" truecount="2" falsecount="0"/>
      <line num="17" count="5" type="stmt"/>
      <line num="20" count="26" type="stmt"/>
      <line num="21" count="22" type="cond" truecount="6" falsecount="0"/>
      <line num="22" count="4" type="stmt"/>
      <line num="25" count="26" type="stmt"/>
      <line num="26" count="18" type="stmt"/>
      <line num="27" count="18" type="cond" truecount="5" falsecount="0"/>
      <line num="28" count="1" type="stmt"/>
      <line num="29" count="18" type="cond" truecount="2" falsecount="0"/>
      <line num="33" count="26" type="stmt"/>
      <line num="34" count="26" type="cond" truecount="2" falsecount="0"/>
      <line num="35" count="4" type="stmt"/>
      <line num="36" count="22" type="cond" truecount="2" falsecount="0"/>
      <line num="37" count="4" type="stmt"/>
      <line num="38" count="18" type="cond" truecount="2" falsecount="0"/>
      <line num="39" count="2" type="stmt"/>
      <line num="44" count="3" type="stmt"/>
    </file>
    <file name="transaction.js" path="/Users/laurenbrabbin/Projects/tech_tests/Bank_Tech/transaction.js">
      <metrics statements="8" coveredstatements="8" conditionals="0" coveredconditionals="0" methods="3" coveredmethods="3"/>
      <line num="3" count="3" type="stmt"/>
      <line num="4" count="3" type="stmt"/>
      <line num="5" count="3" type="stmt"/>
      <line num="8" count="3" type="stmt"/>
      <line num="9" count="6" type="stmt"/>
      <line num="12" count="3" type="stmt"/>
      <line num="13" count="3" type="stmt"/>
      <line num="21" count="1" type="stmt"/>
    </file>
    <file name="transactionChecker.js" path="/Users/laurenbrabbin/Projects/tech_tests/Bank_Tech/transactionChecker.js">
      <metrics statements="24" coveredstatements="23" conditionals="28" coveredconditionals="27" methods="6" coveredmethods="6"/>
      <line num="1" count="2" type="stmt"/>
      <line num="5" count="37" type="stmt"/>
      <line num="6" count="37" type="stmt"/>
      <line num="7" count="37" type="stmt"/>
      <line num="11" count="25" type="cond" truecount="4" falsecount="0"/>
      <line num="12" count="7" type="stmt"/>
      <line num="13" count="18" type="cond" truecount="4" falsecount="0"/>
      <line num="14" count="3" type="stmt"/>
      <line num="15" count="15" type="stmt"/>
      <line num="19" count="25" type="cond" truecount="5" falsecount="0"/>
      <line num="20" count="3" type="stmt"/>
      <line num="21" count="22" type="cond" truecount="4" falsecount="1"/>
      <line num="22" count="0" type="stmt"/>
      <line num="23" count="22" type="stmt"/>
      <line num="27" count="21" type="cond" truecount="4" falsecount="0"/>
      <line num="28" count="19" type="stmt"/>
      <line num="30" count="2" type="stmt"/>
      <line num="35" count="27" type="cond" truecount="4" falsecount="0"/>
      <line num="36" count="7" type="stmt"/>
      <line num="37" count="20" type="cond" truecount="2" falsecount="0"/>
      <line num="38" count="19" type="stmt"/>
      <line num="43" count="21" type="stmt"/>
      <line num="44" count="21" type="stmt"/>
      <line num="48" count="2" type="stmt"/>
    </file>
    <file name="transactions.js" path="/Users/laurenbrabbin/Projects/tech_tests/Bank_Tech/transactions.js">
      <metrics statements="17" coveredstatements="17" conditionals="10" coveredconditionals="8" methods="5" coveredmethods="5"/>
      <line num="1" count="1" type="stmt"/>
      <line num="5" count="9" type="stmt"/>
      <line num="6" count="9" type="stmt"/>
      <line num="10" count="15" type="stmt"/>
      <line num="11" count="15" type="cond" truecount="2" falsecount="0"/>
      <line num="12" count="14" type="stmt"/>
      <line num="13" count="14" type="stmt"/>
      <line num="15" count="1" type="stmt"/>
      <line num="20" count="3" type="stmt"/>
      <line num="21" count="12" type="stmt"/>
      <line num="22" count="12" type="stmt"/>
      <line num="23" count="12" type="cond" truecount="3" falsecount="1"/>
      <line num="28" count="14" type="cond" truecount="2" falsecount="0"/>
      <line num="29" count="9" type="stmt"/>
      <line num="30" count="5" type="cond" truecount="1" falsecount="1"/>
      <line num="31" count="5" type="stmt"/>
      <line num="36" count="1" type="stmt"/>
    </file>
  </project>
</coverage>
