{"/Users/laurenbrabbin/Projects/tech_tests/Bank_Tech/bank.js": {"path":"/Users/laurenbrabbin/Projects/tech_tests/Bank_Tech/bank.js","statementMap":{"0":{"start":{"line":3,"column":4},"end":{"line":3,"column":40}},"1":{"start":{"line":4,"column":4},"end":{"line":4,"column":46}},"2":{"start":{"line":5,"column":4},"end":{"line":5,"column":17}},"3":{"start":{"line":8,"column":23},"end":{"line":16,"column":3}},"4":{"start":{"line":9,"column":4},"end":{"line":15,"column":5}},"5":{"start":{"line":10,"column":6},"end":{"line":10,"column":37}},"6":{"start":{"line":11,"column":6},"end":{"line":11,"column":125}},"7":{"start":{"line":13,"column":6},"end":{"line":13,"column":37}},"8":{"start":{"line":14,"column":6},"end":{"line":14,"column":125}},"9":{"start":{"line":19,"column":4},"end":{"line":19,"column":28}},"10":{"start":{"line":20,"column":4},"end":{"line":20,"column":108}},"11":{"start":{"line":24,"column":0},"end":{"line":24,"column":22}}},"fnMap":{"0":{"name":"(anonymous_0)","decl":{"start":{"line":2,"column":2},"end":{"line":2,"column":3}},"loc":{"start":{"line":2,"column":28},"end":{"line":6,"column":3}},"line":2},"1":{"name":"(anonymous_1)","decl":{"start":{"line":8,"column":23},"end":{"line":8,"column":24}},"loc":{"start":{"line":8,"column":40},"end":{"line":16,"column":3}},"line":8},"2":{"name":"(anonymous_2)","decl":{"start":{"line":18,"column":2},"end":{"line":18,"column":3}},"loc":{"start":{"line":18,"column":15},"end":{"line":21,"column":3}},"line":18}},"branchMap":{"0":{"loc":{"start":{"line":9,"column":4},"end":{"line":15,"column":5}},"type":"if","locations":[{"start":{"line":9,"column":4},"end":{"line":15,"column":5}},{"start":{"line":12,"column":11},"end":{"line":15,"column":5}}],"line":9}},"s":{"0":3,"1":3,"2":3,"3":3,"4":6,"5":2,"6":2,"7":4,"8":4,"9":4,"10":4,"11":1},"f":{"0":3,"1":6,"2":4},"b":{"0":[2,4]},"_coverageSchema":"1a1c01bbd47fc00a2c39e90264f33305004495a9","hash":"b286603ff949947e9a672f49d528064bb9a9a989"}
,"/Users/laurenbrabbin/Projects/tech_tests/Bank_Tech/transaction.js": {"path":"/Users/laurenbrabbin/Projects/tech_tests/Bank_Tech/transaction.js","statementMap":{"0":{"start":{"line":3,"column":4},"end":{"line":3,"column":25}},"1":{"start":{"line":4,"column":4},"end":{"line":4,"column":21}},"2":{"start":{"line":5,"column":4},"end":{"line":5,"column":44}},"3":{"start":{"line":8,"column":17},"end":{"line":10,"column":3}},"4":{"start":{"line":9,"column":4},"end":{"line":9,"column":43}},"5":{"start":{"line":12,"column":15},"end":{"line":18,"column":3}},"6":{"start":{"line":13,"column":4},"end":{"line":17,"column":16}},"7":{"start":{"line":21,"column":0},"end":{"line":21,"column":29}}},"fnMap":{"0":{"name":"(anonymous_0)","decl":{"start":{"line":2,"column":2},"end":{"line":2,"column":3}},"loc":{"start":{"line":2,"column":29},"end":{"line":6,"column":3}},"line":2},"1":{"name":"(anonymous_1)","decl":{"start":{"line":8,"column":17},"end":{"line":8,"column":18}},"loc":{"start":{"line":8,"column":26},"end":{"line":10,"column":3}},"line":8},"2":{"name":"(anonymous_2)","decl":{"start":{"line":12,"column":15},"end":{"line":12,"column":16}},"loc":{"start":{"line":12,"column":25},"end":{"line":18,"column":3}},"line":12}},"branchMap":{},"s":{"0":3,"1":3,"2":3,"3":3,"4":6,"5":3,"6":3,"7":1},"f":{"0":3,"1":6,"2":3},"b":{},"_coverageSchema":"1a1c01bbd47fc00a2c39e90264f33305004495a9","hash":"78b6a451fba888801b78f7c9a6bce4021590e25e"}
,"/Users/laurenbrabbin/Projects/tech_tests/Bank_Tech/transactionChecker.js": {"path":"/Users/laurenbrabbin/Projects/tech_tests/Bank_Tech/transactionChecker.js","statementMap":{"0":{"start":{"line":3,"column":4},"end":{"line":3,"column":33}},"1":{"start":{"line":4,"column":4},"end":{"line":4,"column":37}},"2":{"start":{"line":5,"column":4},"end":{"line":5,"column":33}},"3":{"start":{"line":9,"column":4},"end":{"line":13,"column":5}},"4":{"start":{"line":10,"column":6},"end":{"line":10,"column":23}},"5":{"start":{"line":12,"column":6},"end":{"line":12,"column":21}},"6":{"start":{"line":17,"column":4},"end":{"line":21,"column":5}},"7":{"start":{"line":18,"column":6},"end":{"line":18,"column":18}},"8":{"start":{"line":20,"column":6},"end":{"line":20,"column":19}},"9":{"start":{"line":25,"column":4},"end":{"line":31,"column":5}},"10":{"start":{"line":26,"column":6},"end":{"line":26,"column":19}},"11":{"start":{"line":27,"column":11},"end":{"line":31,"column":5}},"12":{"start":{"line":28,"column":6},"end":{"line":28,"column":18}},"13":{"start":{"line":30,"column":6},"end":{"line":30,"column":19}},"14":{"start":{"line":35,"column":4},"end":{"line":39,"column":5}},"15":{"start":{"line":36,"column":6},"end":{"line":36,"column":18}},"16":{"start":{"line":38,"column":6},"end":{"line":38,"column":19}},"17":{"start":{"line":43,"column":4},"end":{"line":44,"column":23}},"18":{"start":{"line":44,"column":8},"end":{"line":44,"column":21}},"19":{"start":{"line":46,"column":16},"end":{"line":46,"column":36}},"20":{"start":{"line":47,"column":14},"end":{"line":47,"column":36}},"21":{"start":{"line":48,"column":16},"end":{"line":48,"column":38}},"22":{"start":{"line":49,"column":15},"end":{"line":49,"column":37}},"23":{"start":{"line":51,"column":4},"end":{"line":52,"column":22}},"24":{"start":{"line":52,"column":8},"end":{"line":52,"column":21}},"25":{"start":{"line":54,"column":22},"end":{"line":54,"column":72}},"26":{"start":{"line":56,"column":4},"end":{"line":58,"column":54}},"27":{"start":{"line":57,"column":8},"end":{"line":57,"column":28}},"28":{"start":{"line":58,"column":4},"end":{"line":58,"column":52}},"29":{"start":{"line":62,"column":0},"end":{"line":62,"column":36}}},"fnMap":{"0":{"name":"(anonymous_0)","decl":{"start":{"line":2,"column":2},"end":{"line":2,"column":3}},"loc":{"start":{"line":2,"column":27},"end":{"line":6,"column":3}},"line":2},"1":{"name":"(anonymous_1)","decl":{"start":{"line":8,"column":2},"end":{"line":8,"column":3}},"loc":{"start":{"line":8,"column":11},"end":{"line":14,"column":3}},"line":8},"2":{"name":"(anonymous_2)","decl":{"start":{"line":16,"column":2},"end":{"line":16,"column":3}},"loc":{"start":{"line":16,"column":13},"end":{"line":22,"column":3}},"line":16},"3":{"name":"(anonymous_3)","decl":{"start":{"line":24,"column":2},"end":{"line":24,"column":3}},"loc":{"start":{"line":24,"column":17},"end":{"line":32,"column":3}},"line":24},"4":{"name":"(anonymous_4)","decl":{"start":{"line":34,"column":2},"end":{"line":34,"column":3}},"loc":{"start":{"line":34,"column":17},"end":{"line":40,"column":3}},"line":34},"5":{"name":"(anonymous_5)","decl":{"start":{"line":42,"column":2},"end":{"line":42,"column":3}},"loc":{"start":{"line":42,"column":17},"end":{"line":59,"column":1}},"line":42}},"branchMap":{"0":{"loc":{"start":{"line":9,"column":4},"end":{"line":13,"column":5}},"type":"if","locations":[{"start":{"line":9,"column":4},"end":{"line":13,"column":5}},{"start":{"line":11,"column":11},"end":{"line":13,"column":5}}],"line":9},"1":{"loc":{"start":{"line":9,"column":8},"end":{"line":9,"column":127}},"type":"binary-expr","locations":[{"start":{"line":9,"column":8},"end":{"line":9,"column":31}},{"start":{"line":9,"column":35},"end":{"line":9,"column":63}},{"start":{"line":9,"column":67},"end":{"line":9,"column":95}},{"start":{"line":9,"column":99},"end":{"line":9,"column":127}}],"line":9},"2":{"loc":{"start":{"line":17,"column":4},"end":{"line":21,"column":5}},"type":"if","locations":[{"start":{"line":17,"column":4},"end":{"line":21,"column":5}},{"start":{"line":19,"column":11},"end":{"line":21,"column":5}}],"line":17},"3":{"loc":{"start":{"line":17,"column":8},"end":{"line":17,"column":134}},"type":"binary-expr","locations":[{"start":{"line":17,"column":8},"end":{"line":17,"column":26}},{"start":{"line":17,"column":30},"end":{"line":17,"column":46}},{"start":{"line":17,"column":50},"end":{"line":17,"column":70}},{"start":{"line":17,"column":74},"end":{"line":17,"column":92}},{"start":{"line":17,"column":96},"end":{"line":17,"column":114}},{"start":{"line":17,"column":118},"end":{"line":17,"column":134}}],"line":17},"4":{"loc":{"start":{"line":25,"column":4},"end":{"line":31,"column":5}},"type":"if","locations":[{"start":{"line":25,"column":4},"end":{"line":31,"column":5}},{"start":{"line":27,"column":11},"end":{"line":31,"column":5}}],"line":25},"5":{"loc":{"start":{"line":25,"column":8},"end":{"line":25,"column":87}},"type":"binary-expr","locations":[{"start":{"line":25,"column":8},"end":{"line":25,"column":28}},{"start":{"line":25,"column":32},"end":{"line":25,"column":53}},{"start":{"line":25,"column":57},"end":{"line":25,"column":87}}],"line":25},"6":{"loc":{"start":{"line":27,"column":11},"end":{"line":31,"column":5}},"type":"if","locations":[{"start":{"line":27,"column":11},"end":{"line":31,"column":5}},{"start":{"line":29,"column":11},"end":{"line":31,"column":5}}],"line":27},"7":{"loc":{"start":{"line":35,"column":4},"end":{"line":39,"column":5}},"type":"if","locations":[{"start":{"line":35,"column":4},"end":{"line":39,"column":5}},{"start":{"line":37,"column":11},"end":{"line":39,"column":5}}],"line":35},"8":{"loc":{"start":{"line":35,"column":8},"end":{"line":35,"column":59}},"type":"binary-expr","locations":[{"start":{"line":35,"column":8},"end":{"line":35,"column":30}},{"start":{"line":35,"column":34},"end":{"line":35,"column":59}}],"line":35},"9":{"loc":{"start":{"line":43,"column":4},"end":{"line":44,"column":23}},"type":"if","locations":[{"start":{"line":43,"column":4},"end":{"line":44,"column":23}},{"start":{},"end":{}}],"line":43},"10":{"loc":{"start":{"line":51,"column":4},"end":{"line":52,"column":22}},"type":"if","locations":[{"start":{"line":51,"column":4},"end":{"line":52,"column":22}},{"start":{},"end":{}}],"line":51},"11":{"loc":{"start":{"line":51,"column":7},"end":{"line":51,"column":61}},"type":"binary-expr","locations":[{"start":{"line":51,"column":7},"end":{"line":51,"column":18}},{"start":{"line":51,"column":22},"end":{"line":51,"column":33}},{"start":{"line":51,"column":37},"end":{"line":51,"column":47}},{"start":{"line":51,"column":51},"end":{"line":51,"column":61}}],"line":51},"12":{"loc":{"start":{"line":56,"column":4},"end":{"line":58,"column":54}},"type":"if","locations":[{"start":{"line":56,"column":4},"end":{"line":58,"column":54}},{"start":{},"end":{}}],"line":56},"13":{"loc":{"start":{"line":56,"column":7},"end":{"line":56,"column":60}},"type":"binary-expr","locations":[{"start":{"line":56,"column":7},"end":{"line":56,"column":22}},{"start":{"line":56,"column":27},"end":{"line":56,"column":42}},{"start":{"line":56,"column":46},"end":{"line":56,"column":59}}],"line":56},"14":{"loc":{"start":{"line":58,"column":11},"end":{"line":58,"column":51}},"type":"binary-expr","locations":[{"start":{"line":58,"column":11},"end":{"line":58,"column":18}},{"start":{"line":58,"column":22},"end":{"line":58,"column":51}}],"line":58}},"s":{"0":37,"1":37,"2":37,"3":25,"4":10,"5":15,"6":25,"7":3,"8":22,"9":27,"10":7,"11":20,"12":19,"13":1,"14":21,"15":19,"16":2,"17":21,"18":3,"19":18,"20":18,"21":18,"22":18,"23":18,"24":2,"25":16,"26":16,"27":1,"28":1,"29":2},"f":{"0":37,"1":25,"2":25,"3":27,"4":21,"5":21},"b":{"0":[10,15],"1":[25,22,18,17],"2":[3,22],"3":[25,24,24,22,22,22],"4":[7,20],"5":[27,26,26],"6":[19,1],"7":[19,2],"8":[21,8],"9":[3,18],"10":[2,16],"11":[18,18,17,17],"12":[1,15],"13":[16,16,16],"14":[1,1]},"_coverageSchema":"1a1c01bbd47fc00a2c39e90264f33305004495a9","hash":"b86c4782271b10410bf969b08af7c1df382c8f64"}
,"/Users/laurenbrabbin/Projects/tech_tests/Bank_Tech/transactions.js": {"path":"/Users/laurenbrabbin/Projects/tech_tests/Bank_Tech/transactions.js","statementMap":{"0":{"start":{"line":1,"column":27},"end":{"line":1,"column":58}},"1":{"start":{"line":5,"column":4},"end":{"line":5,"column":18}},"2":{"start":{"line":6,"column":4},"end":{"line":6,"column":21}},"3":{"start":{"line":10,"column":31},"end":{"line":10,"column":66}},"4":{"start":{"line":11,"column":4},"end":{"line":16,"column":5}},"5":{"start":{"line":12,"column":6},"end":{"line":12,"column":33}},"6":{"start":{"line":13,"column":6},"end":{"line":13,"column":38}},"7":{"start":{"line":15,"column":6},"end":{"line":15,"column":75}},"8":{"start":{"line":20,"column":4},"end":{"line":24,"column":7}},"9":{"start":{"line":21,"column":6},"end":{"line":21,"column":47}},"10":{"start":{"line":22,"column":6},"end":{"line":22,"column":47}},"11":{"start":{"line":23,"column":6},"end":{"line":23,"column":40}},"12":{"start":{"line":28,"column":4},"end":{"line":32,"column":5}},"13":{"start":{"line":29,"column":6},"end":{"line":29,"column":41}},"14":{"start":{"line":30,"column":11},"end":{"line":32,"column":5}},"15":{"start":{"line":31,"column":6},"end":{"line":31,"column":41}},"16":{"start":{"line":36,"column":0},"end":{"line":36,"column":30}}},"fnMap":{"0":{"name":"(anonymous_0)","decl":{"start":{"line":4,"column":2},"end":{"line":4,"column":3}},"loc":{"start":{"line":4,"column":16},"end":{"line":7,"column":3}},"line":4},"1":{"name":"(anonymous_1)","decl":{"start":{"line":9,"column":2},"end":{"line":9,"column":3}},"loc":{"start":{"line":9,"column":18},"end":{"line":17,"column":3}},"line":9},"2":{"name":"(anonymous_2)","decl":{"start":{"line":19,"column":2},"end":{"line":19,"column":3}},"loc":{"start":{"line":19,"column":12},"end":{"line":25,"column":3}},"line":19},"3":{"name":"(anonymous_3)","decl":{"start":{"line":20,"column":36},"end":{"line":20,"column":37}},"loc":{"start":{"line":20,"column":50},"end":{"line":24,"column":5}},"line":20},"4":{"name":"(anonymous_4)","decl":{"start":{"line":27,"column":2},"end":{"line":27,"column":3}},"loc":{"start":{"line":27,"column":29},"end":{"line":33,"column":3}},"line":27}},"branchMap":{"0":{"loc":{"start":{"line":11,"column":4},"end":{"line":16,"column":5}},"type":"if","locations":[{"start":{"line":11,"column":4},"end":{"line":16,"column":5}},{"start":{"line":14,"column":11},"end":{"line":16,"column":5}}],"line":11},"1":{"loc":{"start":{"line":23,"column":13},"end":{"line":23,"column":39}},"type":"cond-expr","locations":[{"start":{"line":23,"column":21},"end":{"line":23,"column":22}},{"start":{"line":23,"column":25},"end":{"line":23,"column":39}}],"line":23},"2":{"loc":{"start":{"line":23,"column":25},"end":{"line":23,"column":39}},"type":"cond-expr","locations":[{"start":{"line":23,"column":33},"end":{"line":23,"column":35}},{"start":{"line":23,"column":38},"end":{"line":23,"column":39}}],"line":23},"3":{"loc":{"start":{"line":28,"column":4},"end":{"line":32,"column":5}},"type":"if","locations":[{"start":{"line":28,"column":4},"end":{"line":32,"column":5}},{"start":{"line":30,"column":11},"end":{"line":32,"column":5}}],"line":28},"4":{"loc":{"start":{"line":30,"column":11},"end":{"line":32,"column":5}},"type":"if","locations":[{"start":{"line":30,"column":11},"end":{"line":32,"column":5}},{"start":{},"end":{}}],"line":30}},"s":{"0":1,"1":9,"2":9,"3":15,"4":15,"5":14,"6":14,"7":1,"8":3,"9":12,"10":12,"11":12,"12":14,"13":9,"14":5,"15":5,"16":1},"f":{"0":9,"1":15,"2":3,"3":12,"4":14},"b":{"0":[14,1],"1":[3,9],"2":[9,0],"3":[9,5],"4":[5,0]},"_coverageSchema":"1a1c01bbd47fc00a2c39e90264f33305004495a9","hash":"55907a665ba0cf89501e44eda026fd969258bff0"}
}
