{"/Users/laurenbrabbin/Projects/tech_tests/Bank_Tech/bank.js": {"path":"/Users/laurenbrabbin/Projects/tech_tests/Bank_Tech/bank.js","statementMap":{"0":{"start":{"line":3,"column":4},"end":{"line":3,"column":40}},"1":{"start":{"line":4,"column":4},"end":{"line":4,"column":46}},"2":{"start":{"line":5,"column":4},"end":{"line":5,"column":17}},"3":{"start":{"line":8,"column":23},"end":{"line":14,"column":3}},"4":{"start":{"line":9,"column":19},"end":{"line":9,"column":37}},"5":{"start":{"line":10,"column":17},"end":{"line":10,"column":33}},"6":{"start":{"line":11,"column":4},"end":{"line":13,"column":56}},"7":{"start":{"line":12,"column":6},"end":{"line":12,"column":45}},"8":{"start":{"line":13,"column":13},"end":{"line":13,"column":55}},"9":{"start":{"line":16,"column":18},"end":{"line":20,"column":3}},"10":{"start":{"line":17,"column":4},"end":{"line":17,"column":23}},"11":{"start":{"line":18,"column":20},"end":{"line":18,"column":37}},"12":{"start":{"line":19,"column":4},"end":{"line":19,"column":77}},"13":{"start":{"line":22,"column":21},"end":{"line":26,"column":3}},"14":{"start":{"line":23,"column":4},"end":{"line":23,"column":23}},"15":{"start":{"line":24,"column":20},"end":{"line":24,"column":37}},"16":{"start":{"line":25,"column":4},"end":{"line":25,"column":77}},"17":{"start":{"line":29,"column":4},"end":{"line":29,"column":28}},"18":{"start":{"line":30,"column":19},"end":{"line":30,"column":57}},"19":{"start":{"line":31,"column":4},"end":{"line":31,"column":76}},"20":{"start":{"line":35,"column":0},"end":{"line":35,"column":22}}},"fnMap":{"0":{"name":"(anonymous_0)","decl":{"start":{"line":2,"column":2},"end":{"line":2,"column":3}},"loc":{"start":{"line":2,"column":28},"end":{"line":6,"column":3}},"line":2},"1":{"name":"(anonymous_1)","decl":{"start":{"line":8,"column":23},"end":{"line":8,"column":24}},"loc":{"start":{"line":8,"column":40},"end":{"line":14,"column":3}},"line":8},"2":{"name":"(anonymous_2)","decl":{"start":{"line":16,"column":18},"end":{"line":16,"column":19}},"loc":{"start":{"line":16,"column":36},"end":{"line":20,"column":3}},"line":16},"3":{"name":"(anonymous_3)","decl":{"start":{"line":22,"column":21},"end":{"line":22,"column":22}},"loc":{"start":{"line":22,"column":39},"end":{"line":26,"column":3}},"line":22},"4":{"name":"(anonymous_4)","decl":{"start":{"line":28,"column":2},"end":{"line":28,"column":3}},"loc":{"start":{"line":28,"column":15},"end":{"line":32,"column":3}},"line":28}},"branchMap":{"0":{"loc":{"start":{"line":11,"column":4},"end":{"line":13,"column":56}},"type":"if","locations":[{"start":{"line":11,"column":4},"end":{"line":13,"column":56}},{"start":{"line":13,"column":11},"end":{"line":13,"column":56}}],"line":11}},"s":{"0":3,"1":3,"2":3,"3":3,"4":6,"5":6,"6":6,"7":2,"8":4,"9":3,"10":2,"11":2,"12":2,"13":3,"14":4,"15":4,"16":4,"17":4,"18":4,"19":4,"20":1},"f":{"0":3,"1":6,"2":2,"3":4,"4":4},"b":{"0":[2,4]},"_coverageSchema":"1a1c01bbd47fc00a2c39e90264f33305004495a9","hash":"fd54fdadd9edac884d3d5fe24492ce4581411620"}
,"/Users/laurenbrabbin/Projects/tech_tests/Bank_Tech/dateChecker.js": {"path":"/Users/laurenbrabbin/Projects/tech_tests/Bank_Tech/dateChecker.js","statementMap":{"0":{"start":{"line":3,"column":4},"end":{"line":3,"column":21}},"1":{"start":{"line":7,"column":17},"end":{"line":7,"column":19}},"2":{"start":{"line":8,"column":18},"end":{"line":8,"column":38}},"3":{"start":{"line":9,"column":4},"end":{"line":9,"column":38}},"4":{"start":{"line":10,"column":4},"end":{"line":10,"column":40}},"5":{"start":{"line":11,"column":4},"end":{"line":11,"column":39}},"6":{"start":{"line":12,"column":4},"end":{"line":12,"column":15}},"7":{"start":{"line":16,"column":4},"end":{"line":17,"column":20}},"8":{"start":{"line":17,"column":6},"end":{"line":17,"column":18}},"9":{"start":{"line":20,"column":24},"end":{"line":23,"column":3}},"10":{"start":{"line":21,"column":4},"end":{"line":22,"column":20}},"11":{"start":{"line":22,"column":6},"end":{"line":22,"column":18}},"12":{"start":{"line":25,"column":20},"end":{"line":30,"column":4}},"13":{"start":{"line":26,"column":22},"end":{"line":26,"column":72}},"14":{"start":{"line":27,"column":4},"end":{"line":28,"column":28}},"15":{"start":{"line":28,"column":8},"end":{"line":28,"column":28}},"16":{"start":{"line":29,"column":4},"end":{"line":29,"column":52}},"17":{"start":{"line":33,"column":17},"end":{"line":33,"column":38}},"18":{"start":{"line":34,"column":4},"end":{"line":40,"column":5}},"19":{"start":{"line":35,"column":6},"end":{"line":35,"column":19}},"20":{"start":{"line":36,"column":11},"end":{"line":40,"column":5}},"21":{"start":{"line":37,"column":6},"end":{"line":37,"column":19}},"22":{"start":{"line":38,"column":11},"end":{"line":40,"column":5}},"23":{"start":{"line":39,"column":6},"end":{"line":39,"column":19}},"24":{"start":{"line":44,"column":0},"end":{"line":44,"column":29}}},"fnMap":{"0":{"name":"(anonymous_0)","decl":{"start":{"line":2,"column":2},"end":{"line":2,"column":3}},"loc":{"start":{"line":2,"column":20},"end":{"line":4,"column":3}},"line":2},"1":{"name":"(anonymous_1)","decl":{"start":{"line":6,"column":2},"end":{"line":6,"column":3}},"loc":{"start":{"line":6,"column":20},"end":{"line":13,"column":3}},"line":6},"2":{"name":"(anonymous_2)","decl":{"start":{"line":15,"column":2},"end":{"line":15,"column":3}},"loc":{"start":{"line":15,"column":22},"end":{"line":18,"column":3}},"line":15},"3":{"name":"(anonymous_3)","decl":{"start":{"line":20,"column":24},"end":{"line":20,"column":25}},"loc":{"start":{"line":20,"column":41},"end":{"line":23,"column":3}},"line":20},"4":{"name":"(anonymous_4)","decl":{"start":{"line":25,"column":20},"end":{"line":25,"column":21}},"loc":{"start":{"line":25,"column":42},"end":{"line":30,"column":4}},"line":25},"5":{"name":"(anonymous_5)","decl":{"start":{"line":32,"column":3},"end":{"line":32,"column":4}},"loc":{"start":{"line":32,"column":18},"end":{"line":41,"column":3}},"line":32}},"branchMap":{"0":{"loc":{"start":{"line":16,"column":4},"end":{"line":17,"column":20}},"type":"if","locations":[{"start":{"line":16,"column":4},"end":{"line":17,"column":20}},{"start":{},"end":{}}],"line":16},"1":{"loc":{"start":{"line":21,"column":4},"end":{"line":22,"column":20}},"type":"if","locations":[{"start":{"line":21,"column":4},"end":{"line":22,"column":20}},{"start":{},"end":{}}],"line":21},"2":{"loc":{"start":{"line":21,"column":7},"end":{"line":21,"column":61}},"type":"binary-expr","locations":[{"start":{"line":21,"column":7},"end":{"line":21,"column":18}},{"start":{"line":21,"column":22},"end":{"line":21,"column":33}},{"start":{"line":21,"column":37},"end":{"line":21,"column":47}},{"start":{"line":21,"column":51},"end":{"line":21,"column":61}}],"line":21},"3":{"loc":{"start":{"line":27,"column":4},"end":{"line":28,"column":28}},"type":"if","locations":[{"start":{"line":27,"column":4},"end":{"line":28,"column":28}},{"start":{},"end":{}}],"line":27},"4":{"loc":{"start":{"line":27,"column":7},"end":{"line":27,"column":60}},"type":"binary-expr","locations":[{"start":{"line":27,"column":7},"end":{"line":27,"column":22}},{"start":{"line":27,"column":27},"end":{"line":27,"column":42}},{"start":{"line":27,"column":46},"end":{"line":27,"column":59}}],"line":27},"5":{"loc":{"start":{"line":29,"column":11},"end":{"line":29,"column":51}},"type":"binary-expr","locations":[{"start":{"line":29,"column":11},"end":{"line":29,"column":18}},{"start":{"line":29,"column":22},"end":{"line":29,"column":51}}],"line":29},"6":{"loc":{"start":{"line":34,"column":4},"end":{"line":40,"column":5}},"type":"if","locations":[{"start":{"line":34,"column":4},"end":{"line":40,"column":5}},{"start":{"line":36,"column":11},"end":{"line":40,"column":5}}],"line":34},"7":{"loc":{"start":{"line":36,"column":11},"end":{"line":40,"column":5}},"type":"if","locations":[{"start":{"line":36,"column":11},"end":{"line":40,"column":5}},{"start":{"line":38,"column":11},"end":{"line":40,"column":5}}],"line":36},"8":{"loc":{"start":{"line":38,"column":11},"end":{"line":40,"column":5}},"type":"if","locations":[{"start":{"line":38,"column":11},"end":{"line":40,"column":5}},{"start":{},"end":{}}],"line":38}},"s":{"0":26,"1":26,"2":26,"3":26,"4":26,"5":26,"6":26,"7":27,"8":5,"9":26,"10":22,"11":4,"12":26,"13":18,"14":18,"15":1,"16":18,"17":26,"18":26,"19":4,"20":22,"21":4,"22":18,"23":2,"24":3},"f":{"0":26,"1":26,"2":27,"3":22,"4":18,"5":26},"b":{"0":[5,22],"1":[4,18],"2":[22,22,20,20],"3":[1,17],"4":[18,18,18],"5":[18,18],"6":[4,22],"7":[4,18],"8":[2,16]},"_coverageSchema":"1a1c01bbd47fc00a2c39e90264f33305004495a9","hash":"ec046d5731e6b85ac71036e301e22a888843d5bf"}
,"/Users/laurenbrabbin/Projects/tech_tests/Bank_Tech/transaction.js": {"path":"/Users/laurenbrabbin/Projects/tech_tests/Bank_Tech/transaction.js","statementMap":{"0":{"start":{"line":3,"column":4},"end":{"line":3,"column":25}},"1":{"start":{"line":4,"column":4},"end":{"line":4,"column":21}},"2":{"start":{"line":5,"column":4},"end":{"line":5,"column":44}},"3":{"start":{"line":8,"column":17},"end":{"line":10,"column":3}},"4":{"start":{"line":9,"column":4},"end":{"line":9,"column":43}},"5":{"start":{"line":12,"column":15},"end":{"line":18,"column":3}},"6":{"start":{"line":13,"column":4},"end":{"line":17,"column":16}},"7":{"start":{"line":21,"column":0},"end":{"line":21,"column":29}}},"fnMap":{"0":{"name":"(anonymous_0)","decl":{"start":{"line":2,"column":2},"end":{"line":2,"column":3}},"loc":{"start":{"line":2,"column":29},"end":{"line":6,"column":3}},"line":2},"1":{"name":"(anonymous_1)","decl":{"start":{"line":8,"column":17},"end":{"line":8,"column":18}},"loc":{"start":{"line":8,"column":26},"end":{"line":10,"column":3}},"line":8},"2":{"name":"(anonymous_2)","decl":{"start":{"line":12,"column":15},"end":{"line":12,"column":16}},"loc":{"start":{"line":12,"column":25},"end":{"line":18,"column":3}},"line":12}},"branchMap":{},"s":{"0":3,"1":3,"2":3,"3":3,"4":6,"5":3,"6":3,"7":1},"f":{"0":3,"1":6,"2":3},"b":{},"_coverageSchema":"1a1c01bbd47fc00a2c39e90264f33305004495a9","hash":"78b6a451fba888801b78f7c9a6bce4021590e25e"}
,"/Users/laurenbrabbin/Projects/tech_tests/Bank_Tech/transactionChecker.js": {"path":"/Users/laurenbrabbin/Projects/tech_tests/Bank_Tech/transactionChecker.js","statementMap":{"0":{"start":{"line":1,"column":20},"end":{"line":1,"column":44}},"1":{"start":{"line":5,"column":4},"end":{"line":5,"column":33}},"2":{"start":{"line":6,"column":4},"end":{"line":6,"column":37}},"3":{"start":{"line":7,"column":4},"end":{"line":7,"column":33}},"4":{"start":{"line":11,"column":4},"end":{"line":15,"column":29}},"5":{"start":{"line":12,"column":6},"end":{"line":12,"column":23}},"6":{"start":{"line":13,"column":11},"end":{"line":15,"column":29}},"7":{"start":{"line":14,"column":6},"end":{"line":14,"column":22}},"8":{"start":{"line":15,"column":13},"end":{"line":15,"column":27}},"9":{"start":{"line":19,"column":4},"end":{"line":23,"column":27}},"10":{"start":{"line":20,"column":6},"end":{"line":20,"column":18}},"11":{"start":{"line":21,"column":11},"end":{"line":23,"column":27}},"12":{"start":{"line":22,"column":6},"end":{"line":22,"column":18}},"13":{"start":{"line":23,"column":13},"end":{"line":23,"column":25}},"14":{"start":{"line":27,"column":4},"end":{"line":31,"column":5}},"15":{"start":{"line":28,"column":6},"end":{"line":28,"column":18}},"16":{"start":{"line":30,"column":6},"end":{"line":30,"column":19}},"17":{"start":{"line":35,"column":4},"end":{"line":39,"column":5}},"18":{"start":{"line":36,"column":6},"end":{"line":36,"column":19}},"19":{"start":{"line":37,"column":11},"end":{"line":39,"column":5}},"20":{"start":{"line":38,"column":6},"end":{"line":38,"column":18}},"21":{"start":{"line":43,"column":24},"end":{"line":43,"column":50}},"22":{"start":{"line":44,"column":4},"end":{"line":44,"column":36}},"23":{"start":{"line":48,"column":0},"end":{"line":48,"column":36}}},"fnMap":{"0":{"name":"(anonymous_0)","decl":{"start":{"line":4,"column":2},"end":{"line":4,"column":3}},"loc":{"start":{"line":4,"column":27},"end":{"line":8,"column":3}},"line":4},"1":{"name":"(anonymous_1)","decl":{"start":{"line":10,"column":2},"end":{"line":10,"column":3}},"loc":{"start":{"line":10,"column":11},"end":{"line":16,"column":3}},"line":10},"2":{"name":"(anonymous_2)","decl":{"start":{"line":18,"column":2},"end":{"line":18,"column":3}},"loc":{"start":{"line":18,"column":13},"end":{"line":24,"column":3}},"line":18},"3":{"name":"(anonymous_3)","decl":{"start":{"line":26,"column":2},"end":{"line":26,"column":3}},"loc":{"start":{"line":26,"column":17},"end":{"line":32,"column":3}},"line":26},"4":{"name":"(anonymous_4)","decl":{"start":{"line":34,"column":2},"end":{"line":34,"column":3}},"loc":{"start":{"line":34,"column":17},"end":{"line":40,"column":3}},"line":34},"5":{"name":"(anonymous_5)","decl":{"start":{"line":42,"column":3},"end":{"line":42,"column":4}},"loc":{"start":{"line":42,"column":18},"end":{"line":45,"column":3}},"line":42}},"branchMap":{"0":{"loc":{"start":{"line":11,"column":4},"end":{"line":15,"column":29}},"type":"if","locations":[{"start":{"line":11,"column":4},"end":{"line":15,"column":29}},{"start":{"line":13,"column":11},"end":{"line":15,"column":29}}],"line":11},"1":{"loc":{"start":{"line":11,"column":8},"end":{"line":11,"column":64}},"type":"binary-expr","locations":[{"start":{"line":11,"column":8},"end":{"line":11,"column":31}},{"start":{"line":11,"column":36},"end":{"line":11,"column":63}}],"line":11},"2":{"loc":{"start":{"line":13,"column":11},"end":{"line":15,"column":29}},"type":"if","locations":[{"start":{"line":13,"column":11},"end":{"line":15,"column":29}},{"start":{"line":15,"column":11},"end":{"line":15,"column":29}}],"line":13},"3":{"loc":{"start":{"line":13,"column":15},"end":{"line":13,"column":75}},"type":"binary-expr","locations":[{"start":{"line":13,"column":15},"end":{"line":13,"column":43}},{"start":{"line":13,"column":47},"end":{"line":13,"column":75}}],"line":13},"4":{"loc":{"start":{"line":19,"column":4},"end":{"line":23,"column":27}},"type":"if","locations":[{"start":{"line":19,"column":4},"end":{"line":23,"column":27}},{"start":{"line":21,"column":11},"end":{"line":23,"column":27}}],"line":19},"5":{"loc":{"start":{"line":19,"column":8},"end":{"line":19,"column":72}},"type":"binary-expr","locations":[{"start":{"line":19,"column":8},"end":{"line":19,"column":26}},{"start":{"line":19,"column":30},"end":{"line":19,"column":50}},{"start":{"line":19,"column":54},"end":{"line":19,"column":72}}],"line":19},"6":{"loc":{"start":{"line":21,"column":11},"end":{"line":23,"column":27}},"type":"if","locations":[{"start":{"line":21,"column":11},"end":{"line":23,"column":27}},{"start":{"line":23,"column":11},"end":{"line":23,"column":27}}],"line":21},"7":{"loc":{"start":{"line":21,"column":15},"end":{"line":21,"column":77}},"type":"binary-expr","locations":[{"start":{"line":21,"column":15},"end":{"line":21,"column":31}},{"start":{"line":21,"column":35},"end":{"line":21,"column":53}},{"start":{"line":21,"column":57},"end":{"line":21,"column":77}}],"line":21},"8":{"loc":{"start":{"line":27,"column":4},"end":{"line":31,"column":5}},"type":"if","locations":[{"start":{"line":27,"column":4},"end":{"line":31,"column":5}},{"start":{"line":29,"column":11},"end":{"line":31,"column":5}}],"line":27},"9":{"loc":{"start":{"line":27,"column":8},"end":{"line":27,"column":59}},"type":"binary-expr","locations":[{"start":{"line":27,"column":8},"end":{"line":27,"column":30}},{"start":{"line":27,"column":34},"end":{"line":27,"column":59}}],"line":27},"10":{"loc":{"start":{"line":35,"column":4},"end":{"line":39,"column":5}},"type":"if","locations":[{"start":{"line":35,"column":4},"end":{"line":39,"column":5}},{"start":{"line":37,"column":11},"end":{"line":39,"column":5}}],"line":35},"11":{"loc":{"start":{"line":35,"column":8},"end":{"line":35,"column":73}},"type":"binary-expr","locations":[{"start":{"line":35,"column":8},"end":{"line":35,"column":39}},{"start":{"line":35,"column":43},"end":{"line":35,"column":73}}],"line":35},"12":{"loc":{"start":{"line":37,"column":11},"end":{"line":39,"column":5}},"type":"if","locations":[{"start":{"line":37,"column":11},"end":{"line":39,"column":5}},{"start":{},"end":{}}],"line":37}},"s":{"0":2,"1":37,"2":37,"3":37,"4":25,"5":7,"6":18,"7":3,"8":15,"9":25,"10":3,"11":22,"12":0,"13":22,"14":21,"15":19,"16":2,"17":27,"18":7,"19":20,"20":19,"21":21,"22":21,"23":2},"f":{"0":37,"1":25,"2":25,"3":21,"4":27,"5":21},"b":{"0":[7,18],"1":[25,22],"2":[3,15],"3":[18,17],"4":[3,22],"5":[25,24,22],"6":[0,22],"7":[22,22,22],"8":[19,2],"9":[21,8],"10":[7,20],"11":[27,26],"12":[19,1]},"_coverageSchema":"1a1c01bbd47fc00a2c39e90264f33305004495a9","hash":"1f9559173612621f5bfa86574e96f085649554f7"}
,"/Users/laurenbrabbin/Projects/tech_tests/Bank_Tech/transactions.js": {"path":"/Users/laurenbrabbin/Projects/tech_tests/Bank_Tech/transactions.js","statementMap":{"0":{"start":{"line":1,"column":27},"end":{"line":1,"column":58}},"1":{"start":{"line":5,"column":4},"end":{"line":5,"column":18}},"2":{"start":{"line":6,"column":4},"end":{"line":6,"column":21}},"3":{"start":{"line":10,"column":31},"end":{"line":10,"column":66}},"4":{"start":{"line":11,"column":4},"end":{"line":16,"column":5}},"5":{"start":{"line":12,"column":6},"end":{"line":12,"column":33}},"6":{"start":{"line":13,"column":6},"end":{"line":13,"column":38}},"7":{"start":{"line":15,"column":6},"end":{"line":15,"column":75}},"8":{"start":{"line":20,"column":4},"end":{"line":24,"column":7}},"9":{"start":{"line":21,"column":6},"end":{"line":21,"column":47}},"10":{"start":{"line":22,"column":6},"end":{"line":22,"column":47}},"11":{"start":{"line":23,"column":6},"end":{"line":23,"column":40}},"12":{"start":{"line":28,"column":4},"end":{"line":32,"column":5}},"13":{"start":{"line":29,"column":6},"end":{"line":29,"column":41}},"14":{"start":{"line":30,"column":11},"end":{"line":32,"column":5}},"15":{"start":{"line":31,"column":6},"end":{"line":31,"column":41}},"16":{"start":{"line":36,"column":0},"end":{"line":36,"column":30}}},"fnMap":{"0":{"name":"(anonymous_0)","decl":{"start":{"line":4,"column":2},"end":{"line":4,"column":3}},"loc":{"start":{"line":4,"column":16},"end":{"line":7,"column":3}},"line":4},"1":{"name":"(anonymous_1)","decl":{"start":{"line":9,"column":2},"end":{"line":9,"column":3}},"loc":{"start":{"line":9,"column":18},"end":{"line":17,"column":3}},"line":9},"2":{"name":"(anonymous_2)","decl":{"start":{"line":19,"column":2},"end":{"line":19,"column":3}},"loc":{"start":{"line":19,"column":12},"end":{"line":25,"column":3}},"line":19},"3":{"name":"(anonymous_3)","decl":{"start":{"line":20,"column":36},"end":{"line":20,"column":37}},"loc":{"start":{"line":20,"column":50},"end":{"line":24,"column":5}},"line":20},"4":{"name":"(anonymous_4)","decl":{"start":{"line":27,"column":2},"end":{"line":27,"column":3}},"loc":{"start":{"line":27,"column":29},"end":{"line":33,"column":3}},"line":27}},"branchMap":{"0":{"loc":{"start":{"line":11,"column":4},"end":{"line":16,"column":5}},"type":"if","locations":[{"start":{"line":11,"column":4},"end":{"line":16,"column":5}},{"start":{"line":14,"column":11},"end":{"line":16,"column":5}}],"line":11},"1":{"loc":{"start":{"line":23,"column":13},"end":{"line":23,"column":39}},"type":"cond-expr","locations":[{"start":{"line":23,"column":21},"end":{"line":23,"column":22}},{"start":{"line":23,"column":25},"end":{"line":23,"column":39}}],"line":23},"2":{"loc":{"start":{"line":23,"column":25},"end":{"line":23,"column":39}},"type":"cond-expr","locations":[{"start":{"line":23,"column":33},"end":{"line":23,"column":35}},{"start":{"line":23,"column":38},"end":{"line":23,"column":39}}],"line":23},"3":{"loc":{"start":{"line":28,"column":4},"end":{"line":32,"column":5}},"type":"if","locations":[{"start":{"line":28,"column":4},"end":{"line":32,"column":5}},{"start":{"line":30,"column":11},"end":{"line":32,"column":5}}],"line":28},"4":{"loc":{"start":{"line":30,"column":11},"end":{"line":32,"column":5}},"type":"if","locations":[{"start":{"line":30,"column":11},"end":{"line":32,"column":5}},{"start":{},"end":{}}],"line":30}},"s":{"0":1,"1":9,"2":9,"3":15,"4":15,"5":14,"6":14,"7":1,"8":3,"9":12,"10":12,"11":12,"12":14,"13":9,"14":5,"15":5,"16":1},"f":{"0":9,"1":15,"2":3,"3":12,"4":14},"b":{"0":[14,1],"1":[3,9],"2":[9,0],"3":[9,5],"4":[5,0]},"_coverageSchema":"1a1c01bbd47fc00a2c39e90264f33305004495a9","hash":"55907a665ba0cf89501e44eda026fd969258bff0"}
}
