TN:
SF:bank.js
FN:2,(anonymous_0)
FN:8,(anonymous_1)
FN:16,(anonymous_2)
FN:22,(anonymous_3)
FN:28,(anonymous_4)
FNF:5
FNH:5
FNDA:3,(anonymous_0)
FNDA:6,(anonymous_1)
FNDA:2,(anonymous_2)
FNDA:4,(anonymous_3)
FNDA:4,(anonymous_4)
DA:3,3
DA:4,3
DA:5,3
DA:8,3
DA:9,6
DA:10,6
DA:11,6
DA:12,2
DA:13,4
DA:16,3
DA:17,2
DA:18,2
DA:19,2
DA:22,3
DA:23,4
DA:24,4
DA:25,4
DA:29,4
DA:30,4
DA:31,4
DA:35,1
LF:21
LH:21
BRDA:11,0,0,2
BRDA:11,0,1,4
BRF:2
BRH:2
end_of_record
TN:
SF:dateChecker.js
FN:2,(anonymous_0)
FN:6,(anonymous_1)
FN:15,(anonymous_2)
FN:20,(anonymous_3)
FN:25,(anonymous_4)
FN:32,(anonymous_5)
FNF:6
FNH:6
FNDA:26,(anonymous_0)
FNDA:26,(anonymous_1)
FNDA:27,(anonymous_2)
FNDA:22,(anonymous_3)
FNDA:18,(anonymous_4)
FNDA:26,(anonymous_5)
DA:3,26
DA:7,26
DA:8,26
DA:9,26
DA:10,26
DA:11,26
DA:12,26
DA:16,27
DA:17,5
DA:20,26
DA:21,22
DA:22,4
DA:25,26
DA:26,18
DA:27,18
DA:28,1
DA:29,18
DA:33,26
DA:34,26
DA:35,4
DA:36,22
DA:37,4
DA:38,18
DA:39,2
DA:44,3
LF:25
LH:25
BRDA:16,0,0,5
BRDA:16,0,1,22
BRDA:21,1,0,4
BRDA:21,1,1,18
BRDA:21,2,0,22
BRDA:21,2,1,22
BRDA:21,2,2,20
BRDA:21,2,3,20
BRDA:27,3,0,1
BRDA:27,3,1,17
BRDA:27,4,0,18
BRDA:27,4,1,18
BRDA:27,4,2,18
BRDA:29,5,0,18
BRDA:29,5,1,18
BRDA:34,6,0,4
BRDA:34,6,1,22
BRDA:36,7,0,4
BRDA:36,7,1,18
BRDA:38,8,0,2
BRDA:38,8,1,16
BRF:21
BRH:21
end_of_record
TN:
SF:transaction.js
FN:2,(anonymous_0)
FN:8,(anonymous_1)
FN:12,(anonymous_2)
FNF:3
FNH:3
FNDA:3,(anonymous_0)
FNDA:6,(anonymous_1)
FNDA:3,(anonymous_2)
DA:3,3
DA:4,3
DA:5,3
DA:8,3
DA:9,6
DA:12,3
DA:13,3
DA:21,1
LF:8
LH:8
BRF:0
BRH:0
end_of_record
TN:
SF:transactionChecker.js
FN:4,(anonymous_0)
FN:10,(anonymous_1)
FN:18,(anonymous_2)
FN:26,(anonymous_3)
FN:34,(anonymous_4)
FN:42,(anonymous_5)
FNF:6
FNH:6
FNDA:37,(anonymous_0)
FNDA:25,(anonymous_1)
FNDA:25,(anonymous_2)
FNDA:21,(anonymous_3)
FNDA:27,(anonymous_4)
FNDA:21,(anonymous_5)
DA:1,2
DA:5,37
DA:6,37
DA:7,37
DA:11,25
DA:12,7
DA:13,18
DA:14,3
DA:15,15
DA:19,25
DA:20,3
DA:21,22
DA:22,0
DA:23,22
DA:27,21
DA:28,19
DA:30,2
DA:35,27
DA:36,7
DA:37,20
DA:38,19
DA:43,21
DA:44,21
DA:48,2
LF:24
LH:23
BRDA:11,0,0,7
BRDA:11,0,1,18
BRDA:11,1,0,25
BRDA:11,1,1,22
BRDA:13,2,0,3
BRDA:13,2,1,15
BRDA:13,3,0,18
BRDA:13,3,1,17
BRDA:19,4,0,3
BRDA:19,4,1,22
BRDA:19,5,0,25
BRDA:19,5,1,24
BRDA:19,5,2,22
BRDA:21,6,0,0
BRDA:21,6,1,22
BRDA:21,7,0,22
BRDA:21,7,1,22
BRDA:21,7,2,22
BRDA:27,8,0,19
BRDA:27,8,1,2
BRDA:27,9,0,21
BRDA:27,9,1,8
BRDA:35,10,0,7
BRDA:35,10,1,20
BRDA:35,11,0,27
BRDA:35,11,1,26
BRDA:37,12,0,19
BRDA:37,12,1,1
BRF:28
BRH:27
end_of_record
TN:
SF:transactions.js
FN:4,(anonymous_0)
FN:9,(anonymous_1)
FN:19,(anonymous_2)
FN:20,(anonymous_3)
FN:27,(anonymous_4)
FNF:5
FNH:5
FNDA:9,(anonymous_0)
FNDA:15,(anonymous_1)
FNDA:3,(anonymous_2)
FNDA:12,(anonymous_3)
FNDA:14,(anonymous_4)
DA:1,1
DA:5,9
DA:6,9
DA:10,15
DA:11,15
DA:12,14
DA:13,14
DA:15,1
DA:20,3
DA:21,12
DA:22,12
DA:23,12
DA:28,14
DA:29,9
DA:30,5
DA:31,5
DA:36,1
LF:17
LH:17
BRDA:11,0,0,14
BRDA:11,0,1,1
BRDA:23,1,0,3
BRDA:23,1,1,9
BRDA:23,2,0,9
BRDA:23,2,1,0
BRDA:28,3,0,9
BRDA:28,3,1,5
BRDA:30,4,0,5
BRDA:30,4,1,0
BRF:10
BRH:8
end_of_record
