TN:
SF:bank.js
FN:2,(anonymous_0)
FN:8,(anonymous_1)
FN:18,(anonymous_2)
FNF:3
FNH:3
FNDA:3,(anonymous_0)
FNDA:6,(anonymous_1)
FNDA:4,(anonymous_2)
DA:3,3
DA:4,3
DA:5,3
DA:8,3
DA:9,6
DA:10,2
DA:11,2
DA:13,4
DA:14,4
DA:19,4
DA:20,4
DA:24,1
LF:12
LH:12
BRDA:9,0,0,2
BRDA:9,0,1,4
BRF:2
BRH:2
end_of_record
TN:
SF:transaction.js
FN:2,(anonymous_0)
FN:8,(anonymous_1)
FN:12,(anonymous_2)
FNF:3
FNH:3
FNDA:3,(anonymous_0)
FNDA:6,(anonymous_1)
FNDA:3,(anonymous_2)
DA:3,3
DA:4,3
DA:5,3
DA:8,3
DA:9,6
DA:12,3
DA:13,3
DA:21,1
LF:8
LH:8
BRF:0
BRH:0
end_of_record
TN:
SF:transactionChecker.js
FN:2,(anonymous_0)
FN:8,(anonymous_1)
FN:16,(anonymous_2)
FN:24,(anonymous_3)
FN:34,(anonymous_4)
FN:42,(anonymous_5)
FNF:6
FNH:6
FNDA:37,(anonymous_0)
FNDA:25,(anonymous_1)
FNDA:25,(anonymous_2)
FNDA:27,(anonymous_3)
FNDA:21,(anonymous_4)
FNDA:21,(anonymous_5)
DA:3,37
DA:4,37
DA:5,37
DA:9,25
DA:10,10
DA:12,15
DA:17,25
DA:18,3
DA:20,22
DA:25,27
DA:26,7
DA:27,20
DA:28,19
DA:30,1
DA:35,21
DA:36,19
DA:38,2
DA:43,21
DA:44,3
DA:46,18
DA:47,18
DA:48,18
DA:49,18
DA:51,18
DA:52,2
DA:54,16
DA:56,16
DA:57,1
DA:58,1
DA:62,2
LF:30
LH:30
BRDA:9,0,0,10
BRDA:9,0,1,15
BRDA:9,1,0,25
BRDA:9,1,1,22
BRDA:9,1,2,18
BRDA:9,1,3,17
BRDA:17,2,0,3
BRDA:17,2,1,22
BRDA:17,3,0,25
BRDA:17,3,1,24
BRDA:17,3,2,24
BRDA:17,3,3,22
BRDA:17,3,4,22
BRDA:17,3,5,22
BRDA:25,4,0,7
BRDA:25,4,1,20
BRDA:25,5,0,27
BRDA:25,5,1,26
BRDA:25,5,2,26
BRDA:27,6,0,19
BRDA:27,6,1,1
BRDA:35,7,0,19
BRDA:35,7,1,2
BRDA:35,8,0,21
BRDA:35,8,1,8
BRDA:43,9,0,3
BRDA:43,9,1,18
BRDA:51,10,0,2
BRDA:51,10,1,16
BRDA:51,11,0,18
BRDA:51,11,1,18
BRDA:51,11,2,17
BRDA:51,11,3,17
BRDA:56,12,0,1
BRDA:56,12,1,15
BRDA:56,13,0,16
BRDA:56,13,1,16
BRDA:56,13,2,16
BRDA:58,14,0,1
BRDA:58,14,1,1
BRF:40
BRH:40
end_of_record
TN:
SF:transactions.js
FN:4,(anonymous_0)
FN:9,(anonymous_1)
FN:19,(anonymous_2)
FN:20,(anonymous_3)
FN:27,(anonymous_4)
FNF:5
FNH:5
FNDA:9,(anonymous_0)
FNDA:15,(anonymous_1)
FNDA:3,(anonymous_2)
FNDA:12,(anonymous_3)
FNDA:14,(anonymous_4)
DA:1,1
DA:5,9
DA:6,9
DA:10,15
DA:11,15
DA:12,14
DA:13,14
DA:15,1
DA:20,3
DA:21,12
DA:22,12
DA:23,12
DA:28,14
DA:29,9
DA:30,5
DA:31,5
DA:36,1
LF:17
LH:17
BRDA:11,0,0,14
BRDA:11,0,1,1
BRDA:23,1,0,3
BRDA:23,1,1,9
BRDA:23,2,0,9
BRDA:23,2,1,0
BRDA:28,3,0,9
BRDA:28,3,1,5
BRDA:30,4,0,5
BRDA:30,4,1,0
BRF:10
BRH:8
end_of_record
